<?xml version="1.0" encoding="UTF-8"?>
<!-- Generated by org.testng.reporters.JUnitReportReporter -->
<testsuite hostname="CBT-016" name="jenkinsMavenGitDemo.testA" tests="1" failures="0" timestamp="7 Aug 2016 08:33:01 GMT" time="48.815" errors="0">
  <testcase name="test" time="48.815" classname="jenkinsMavenGitDemo.testA"/>
</testsuite> <!-- jenkinsMavenGitDemo.testA -->
