<?xml version="1.0" encoding="UTF-8"?>
<!-- Generated by org.testng.reporters.JUnitReportReporter -->
<testsuite hostname="CBT-016" name="jenkinsMavenGitDemo.testA" tests="1" failures="0" timestamp="6 Aug 2016 12:54:48 GMT" time="52.271" errors="0">
  <testcase name="test" time="52.271" classname="jenkinsMavenGitDemo.testA"/>
</testsuite> <!-- jenkinsMavenGitDemo.testA -->
